<testsuites name="jest tests" tests="9" failures="0" time="7.738">
  <testsuite name="我的第一个测试用例" errors="0" failures="0" skipped="0" timestamp="2021-05-21T06:57:11" time="3.288" tests="1">
    <testcase classname="我的第一个测试用例 add(1,2) 等于3" name="我的第一个测试用例 add(1,2) 等于3" time="0.003">
    </testcase>
  </testsuite>
  <testsuite name="button" errors="0" failures="0" skipped="0" timestamp="2021-05-21T06:57:11" time="3.652" tests="1">
    <testcase classname="button 是个 div" name="button 是个 div" time="0.009">
    </testcase>
  </testsuite>
  <testsuite name="classes" errors="0" failures="0" skipped="0" timestamp="2021-05-21T06:57:11" time="3.695" tests="5">
    <testcase classname="classes 接受一个className" name="classes 接受一个className" time="0.003">
    </testcase>
    <testcase classname="classes 接受2个className" name="classes 接受2个className" time="0">
    </testcase>
    <testcase classname="classes 接受undefined，结果不会出现undefined" name="classes 接受undefined，结果不会出现undefined" time="0">
    </testcase>
    <testcase classname="classes 接受多种类型的className" name="classes 接受多种类型的className" time="0">
    </testcase>
    <testcase classname="classes 接受0个参数" name="classes 接受0个参数" time="0">
    </testcase>
  </testsuite>
  <testsuite name="icon" errors="0" failures="0" skipped="0" timestamp="2021-05-21T06:57:11" time="3.946" tests="2">
    <testcase classname="icon render successfully" name="icon render successfully" time="0.01">
    </testcase>
    <testcase classname="icon onClick" name="icon onClick" time="0.026">
    </testcase>
  </testsuite>
</testsuites>